<?xml version="1.0" encoding="UTF-8"?>
<coverage generated="1781816971">
  <project timestamp="1781816971" name="Clover Coverage">
    <package name="App\Enums">
      <file name="/home/ernestas/code/lp-app/app/Enums/OrderStatusEnum.php">
        <class name="App\Enums\OrderStatusEnum" namespace="App\Enums">
          <metrics complexity="0" methods="0" coveredmethods="0" conditionals="0" coveredconditionals="0" statements="0" coveredstatements="0" elements="0" coveredelements="0"/>
        </class>
        <metrics loc="13" ncloc="13" classes="0" methods="0" coveredmethods="0" conditionals="0" coveredconditionals="0" statements="0" coveredstatements="0" elements="0" coveredelements="0"/>
      </file>
    </package>
    <package name="App\Http\Controllers">
      <file name="/home/ernestas/code/lp-app/app/Http/Controllers/Controller.php">
        <class name="App\Http\Controllers\Controller" namespace="App\Http\Controllers">
          <metrics complexity="0" methods="0" coveredmethods="0" conditionals="0" coveredconditionals="0" statements="0" coveredstatements="0" elements="0" coveredelements="0"/>
        </class>
        <metrics loc="9" ncloc="8" classes="0" methods="0" coveredmethods="0" conditionals="0" coveredconditionals="0" statements="0" coveredstatements="0" elements="0" coveredelements="0"/>
      </file>
      <file name="/home/ernestas/code/lp-app/app/Http/Controllers/OrderController.php">
        <class name="App\Http\Controllers\OrderController" namespace="App\Http\Controllers">
          <metrics complexity="3" methods="2" coveredmethods="2" conditionals="0" coveredconditionals="0" statements="13" coveredstatements="13" elements="15" coveredelements="15"/>
        </class>
        <line num="13" type="method" name="store" visibility="public" complexity="2" crap="2" count="6"/>
        <line num="15" type="stmt" count="6"/>
        <line num="17" type="stmt" count="6"/>
        <line num="18" type="stmt" count="6"/>
        <line num="19" type="stmt" count="6"/>
        <line num="21" type="stmt" count="6"/>
        <line num="22" type="stmt" count="6"/>
        <line num="23" type="stmt" count="6"/>
        <line num="24" type="stmt" count="6"/>
        <line num="25" type="stmt" count="6"/>
        <line num="28" type="stmt" count="6"/>
        <line num="30" type="stmt" count="6"/>
        <line num="33" type="method" name="destroy" visibility="public" complexity="1" crap="1" count="4"/>
        <line num="35" type="stmt" count="4"/>
        <line num="36" type="stmt" count="4"/>
        <metrics loc="39" ncloc="39" classes="1" methods="2" coveredmethods="2" conditionals="0" coveredconditionals="0" statements="13" coveredstatements="13" elements="15" coveredelements="15"/>
      </file>
      <file name="/home/ernestas/code/lp-app/app/Http/Controllers/ProductController.php">
        <class name="App\Http\Controllers\ProductController" namespace="App\Http\Controllers">
          <metrics complexity="2" methods="2" coveredmethods="0" conditionals="0" coveredconditionals="0" statements="4" coveredstatements="0" elements="6" coveredelements="0"/>
        </class>
        <line num="10" type="method" name="index" visibility="public" complexity="1" crap="2" count="0"/>
        <line num="12" type="stmt" count="0"/>
        <line num="13" type="stmt" count="0"/>
        <line num="14" type="stmt" count="0"/>
        <line num="17" type="method" name="show" visibility="public" complexity="1" crap="2" count="0"/>
        <line num="19" type="stmt" count="0"/>
        <metrics loc="22" ncloc="22" classes="1" methods="2" coveredmethods="0" conditionals="0" coveredconditionals="0" statements="4" coveredstatements="0" elements="6" coveredelements="0"/>
      </file>
      <file name="/home/ernestas/code/lp-app/app/Http/Controllers/ShipOrderController.php">
        <class name="App\Http\Controllers\ShipOrderController" namespace="App\Http\Controllers">
          <metrics complexity="1" methods="1" coveredmethods="1" conditionals="0" coveredconditionals="0" statements="5" coveredstatements="5" elements="6" coveredelements="6"/>
        </class>
        <line num="12" type="method" name="__invoke" visibility="public" complexity="1" crap="1" count="3"/>
        <line num="14" type="stmt" count="3"/>
        <line num="15" type="stmt" count="3"/>
        <line num="16" type="stmt" count="3"/>
        <line num="17" type="stmt" count="3"/>
        <line num="19" type="stmt" count="3"/>
        <metrics loc="22" ncloc="22" classes="1" methods="1" coveredmethods="1" conditionals="0" coveredconditionals="0" statements="5" coveredstatements="5" elements="6" coveredelements="6"/>
      </file>
    </package>
    <package name="App\Http\Requests">
      <file name="/home/ernestas/code/lp-app/app/Http/Requests/CreateOrderRequest.php">
        <class name="App\Http\Requests\CreateOrderRequest" namespace="App\Http\Requests">
          <metrics complexity="3" methods="3" coveredmethods="3" conditionals="0" coveredconditionals="0" statements="19" coveredstatements="19" elements="22" coveredelements="22"/>
        </class>
        <line num="12" type="method" name="authorize" visibility="public" complexity="1" crap="1" count="6"/>
        <line num="14" type="stmt" count="6"/>
        <line num="22" type="method" name="rules" visibility="public" complexity="1" crap="1" count="6"/>
        <line num="24" type="stmt" count="6"/>
        <line num="25" type="stmt" count="6"/>
        <line num="26" type="stmt" count="6"/>
        <line num="27" type="stmt" count="6"/>
        <line num="28" type="stmt" count="6"/>
        <line num="31" type="method" name="prepareForValidation" visibility="protected" complexity="1" crap="1" count="6"/>
        <line num="33" type="stmt" count="6"/>
        <line num="34" type="stmt" count="6"/>
        <line num="35" type="stmt" count="6"/>
        <line num="36" type="stmt" count="6"/>
        <line num="37" type="stmt" count="6"/>
        <line num="38" type="stmt" count="6"/>
        <line num="39" type="stmt" count="6"/>
        <line num="40" type="stmt" count="6"/>
        <line num="41" type="stmt" count="6"/>
        <line num="42" type="stmt" count="6"/>
        <line num="44" type="stmt" count="6"/>
        <line num="45" type="stmt" count="6"/>
        <line num="46" type="stmt" count="6"/>
        <metrics loc="49" ncloc="41" classes="1" methods="3" coveredmethods="3" conditionals="0" coveredconditionals="0" statements="19" coveredstatements="19" elements="22" coveredelements="22"/>
      </file>
      <file name="/home/ernestas/code/lp-app/app/Http/Requests/ShipOrderRequest.php">
        <class name="App\Http\Requests\ShipOrderRequest" namespace="App\Http\Requests">
          <metrics complexity="2" methods="2" coveredmethods="2" conditionals="0" coveredconditionals="0" statements="4" coveredstatements="4" elements="6" coveredelements="6"/>
        </class>
        <line num="12" type="method" name="authorize" visibility="public" complexity="1" crap="1" count="3"/>
        <line num="14" type="stmt" count="3"/>
        <line num="22" type="method" name="rules" visibility="public" complexity="1" crap="1" count="3"/>
        <line num="24" type="stmt" count="3"/>
        <line num="25" type="stmt" count="3"/>
        <line num="26" type="stmt" count="3"/>
        <metrics loc="29" ncloc="21" classes="1" methods="2" coveredmethods="2" conditionals="0" coveredconditionals="0" statements="4" coveredstatements="4" elements="6" coveredelements="6"/>
      </file>
    </package>
    <package name="App\Http\Resources">
      <file name="/home/ernestas/code/lp-app/app/Http/Resources/OrderResource.php">
        <class name="App\Http\Resources\OrderResource" namespace="App\Http\Resources">
          <metrics complexity="1" methods="1" coveredmethods="1" conditionals="0" coveredconditionals="0" statements="17" coveredstatements="17" elements="18" coveredelements="18"/>
        </class>
        <line num="16" type="method" name="toArray" visibility="public" complexity="1" crap="1" count="6"/>
        <line num="18" type="stmt" count="6"/>
        <line num="19" type="stmt" count="6"/>
        <line num="20" type="stmt" count="6"/>
        <line num="21" type="stmt" count="6"/>
        <line num="22" type="stmt" count="6"/>
        <line num="23" type="stmt" count="6"/>
        <line num="24" type="stmt" count="6"/>
        <line num="25" type="stmt" count="6"/>
        <line num="26" type="stmt" count="6"/>
        <line num="27" type="stmt" count="6"/>
        <line num="28" type="stmt" count="6"/>
        <line num="29" type="stmt" count="6"/>
        <line num="30" type="stmt" count="6"/>
        <line num="31" type="stmt" count="6"/>
        <line num="32" type="stmt" count="6"/>
        <line num="33" type="stmt" count="6"/>
        <line num="34" type="stmt" count="6"/>
        <metrics loc="37" ncloc="32" classes="1" methods="1" coveredmethods="1" conditionals="0" coveredconditionals="0" statements="17" coveredstatements="17" elements="18" coveredelements="18"/>
      </file>
      <file name="/home/ernestas/code/lp-app/app/Http/Resources/ProductResource.php">
        <class name="App\Http\Resources\ProductResource" namespace="App\Http\Resources">
          <metrics complexity="1" methods="1" coveredmethods="0" conditionals="0" coveredconditionals="0" statements="18" coveredstatements="0" elements="19" coveredelements="0"/>
        </class>
        <line num="15" type="method" name="toArray" visibility="public" complexity="1" crap="2" count="0"/>
        <line num="17" type="stmt" count="0"/>
        <line num="18" type="stmt" count="0"/>
        <line num="19" type="stmt" count="0"/>
        <line num="20" type="stmt" count="0"/>
        <line num="21" type="stmt" count="0"/>
        <line num="22" type="stmt" count="0"/>
        <line num="23" type="stmt" count="0"/>
        <line num="24" type="stmt" count="0"/>
        <line num="25" type="stmt" count="0"/>
        <line num="26" type="stmt" count="0"/>
        <line num="27" type="stmt" count="0"/>
        <line num="28" type="stmt" count="0"/>
        <line num="29" type="stmt" count="0"/>
        <line num="30" type="stmt" count="0"/>
        <line num="31" type="stmt" count="0"/>
        <line num="32" type="stmt" count="0"/>
        <line num="33" type="stmt" count="0"/>
        <line num="34" type="stmt" count="0"/>
        <metrics loc="37" ncloc="32" classes="1" methods="1" coveredmethods="0" conditionals="0" coveredconditionals="0" statements="18" coveredstatements="0" elements="19" coveredelements="0"/>
      </file>
    </package>
    <package name="App\Jobs">
      <file name="/home/ernestas/code/lp-app/app/Jobs/RebalanceReservationsJob.php">
        <class name="App\Jobs\RebalanceReservationsJob" namespace="App\Jobs">
          <metrics complexity="3" methods="2" coveredmethods="2" conditionals="0" coveredconditionals="0" statements="12" coveredstatements="12" elements="14" coveredelements="14"/>
        </class>
        <line num="14" type="method" name="__construct" visibility="public" complexity="1" crap="1" count="2"/>
        <line num="16" type="stmt" count="2"/>
        <line num="18" type="method" name="handle" visibility="public" complexity="2" crap="2" count="2"/>
        <line num="20" type="stmt" count="2"/>
        <line num="21" type="stmt" count="2"/>
        <line num="22" type="stmt" count="2"/>
        <line num="23" type="stmt" count="2"/>
        <line num="24" type="stmt" count="2"/>
        <line num="25" type="stmt" count="2"/>
        <line num="26" type="stmt" count="2"/>
        <line num="27" type="stmt" count="2"/>
        <line num="28" type="stmt" count="2"/>
        <line num="30" type="stmt" count="2"/>
        <line num="31" type="stmt" count="1"/>
        <metrics loc="35" ncloc="35" classes="1" methods="2" coveredmethods="2" conditionals="0" coveredconditionals="0" statements="12" coveredstatements="12" elements="14" coveredelements="14"/>
      </file>
    </package>
    <package name="App\Models">
      <file name="/home/ernestas/code/lp-app/app/Models/Order.php">
        <class name="App\Models\Order" namespace="App\Models">
          <metrics complexity="2" methods="2" coveredmethods="2" conditionals="0" coveredconditionals="0" statements="2" coveredstatements="2" elements="4" coveredelements="4"/>
        </class>
        <line num="16" type="method" name="reservations" visibility="public" complexity="1" crap="1" count="5"/>
        <line num="18" type="stmt" count="5"/>
        <line num="21" type="method" name="items" visibility="public" complexity="1" crap="1" count="6"/>
        <line num="23" type="stmt" count="6"/>
        <metrics loc="26" ncloc="26" classes="1" methods="2" coveredmethods="2" conditionals="0" coveredconditionals="0" statements="2" coveredstatements="2" elements="4" coveredelements="4"/>
      </file>
      <file name="/home/ernestas/code/lp-app/app/Models/OrderItem.php">
        <class name="App\Models\OrderItem" namespace="App\Models">
          <metrics complexity="2" methods="2" coveredmethods="0" conditionals="0" coveredconditionals="0" statements="2" coveredstatements="0" elements="4" coveredelements="0"/>
        </class>
        <line num="11" type="method" name="order" visibility="public" complexity="1" crap="2" count="0"/>
        <line num="13" type="stmt" count="0"/>
        <line num="16" type="method" name="product" visibility="public" complexity="1" crap="2" count="0"/>
        <line num="18" type="stmt" count="0"/>
        <metrics loc="21" ncloc="21" classes="1" methods="2" coveredmethods="0" conditionals="0" coveredconditionals="0" statements="2" coveredstatements="0" elements="4" coveredelements="0"/>
      </file>
      <file name="/home/ernestas/code/lp-app/app/Models/Product.php">
        <class name="App\Models\Product" namespace="App\Models">
          <metrics complexity="3" methods="3" coveredmethods="0" conditionals="0" coveredconditionals="0" statements="4" coveredstatements="0" elements="7" coveredelements="0"/>
        </class>
        <line num="15" type="method" name="reservations" visibility="public" complexity="1" crap="2" count="0"/>
        <line num="17" type="stmt" count="0"/>
        <line num="20" type="method" name="warehouseStocks" visibility="public" complexity="1" crap="2" count="0"/>
        <line num="22" type="stmt" count="0"/>
        <line num="25" type="method" name="getTotalStockAttribute" visibility="public" complexity="1" crap="2" count="0"/>
        <line num="27" type="stmt" count="0"/>
        <line num="28" type="stmt" count="0"/>
        <metrics loc="31" ncloc="31" classes="1" methods="3" coveredmethods="0" conditionals="0" coveredconditionals="0" statements="4" coveredstatements="0" elements="7" coveredelements="0"/>
      </file>
      <file name="/home/ernestas/code/lp-app/app/Models/StockReservation.php">
        <class name="App\Models\StockReservation" namespace="App\Models">
          <metrics complexity="3" methods="3" coveredmethods="0" conditionals="0" coveredconditionals="0" statements="3" coveredstatements="0" elements="6" coveredelements="0"/>
        </class>
        <line num="11" type="method" name="order" visibility="public" complexity="1" crap="2" count="0"/>
        <line num="13" type="stmt" count="0"/>
        <line num="16" type="method" name="warehouse" visibility="public" complexity="1" crap="2" count="0"/>
        <line num="18" type="stmt" count="0"/>
        <line num="21" type="method" name="product" visibility="public" complexity="1" crap="2" count="0"/>
        <line num="23" type="stmt" count="0"/>
        <metrics loc="26" ncloc="26" classes="1" methods="3" coveredmethods="0" conditionals="0" coveredconditionals="0" statements="3" coveredstatements="0" elements="6" coveredelements="0"/>
      </file>
      <file name="/home/ernestas/code/lp-app/app/Models/User.php">
        <class name="App\Models\User" namespace="App\Models">
          <metrics complexity="1" methods="1" coveredmethods="0" conditionals="0" coveredconditionals="0" statements="4" coveredstatements="0" elements="5" coveredelements="0"/>
        </class>
        <line num="25" type="method" name="casts" visibility="protected" complexity="1" crap="2" count="0"/>
        <line num="27" type="stmt" count="0"/>
        <line num="28" type="stmt" count="0"/>
        <line num="29" type="stmt" count="0"/>
        <line num="30" type="stmt" count="0"/>
        <metrics loc="33" ncloc="27" classes="1" methods="1" coveredmethods="0" conditionals="0" coveredconditionals="0" statements="4" coveredstatements="0" elements="5" coveredelements="0"/>
      </file>
      <file name="/home/ernestas/code/lp-app/app/Models/Warehouse.php">
        <class name="App\Models\Warehouse" namespace="App\Models">
          <metrics complexity="1" methods="1" coveredmethods="0" conditionals="0" coveredconditionals="0" statements="1" coveredstatements="0" elements="2" coveredelements="0"/>
        </class>
        <line num="15" type="method" name="reservations" visibility="public" complexity="1" crap="2" count="0"/>
        <line num="17" type="stmt" count="0"/>
        <metrics loc="20" ncloc="20" classes="1" methods="1" coveredmethods="0" conditionals="0" coveredconditionals="0" statements="1" coveredstatements="0" elements="2" coveredelements="0"/>
      </file>
      <file name="/home/ernestas/code/lp-app/app/Models/WarehouseStock.php">
        <class name="App\Models\WarehouseStock" namespace="App\Models">
          <metrics complexity="3" methods="3" coveredmethods="0" conditionals="0" coveredconditionals="0" statements="3" coveredstatements="0" elements="6" coveredelements="0"/>
        </class>
        <line num="19" type="method" name="warehouse" visibility="public" complexity="1" crap="2" count="0"/>
        <line num="21" type="stmt" count="0"/>
        <line num="25" type="method" name="product" visibility="public" complexity="1" crap="2" count="0"/>
        <line num="27" type="stmt" count="0"/>
        <line num="31" type="method" name="getAvailableStockAttribute" visibility="public" complexity="1" crap="2" count="0"/>
        <line num="33" type="stmt" count="0"/>
        <metrics loc="36" ncloc="36" classes="1" methods="3" coveredmethods="0" conditionals="0" coveredconditionals="0" statements="3" coveredstatements="0" elements="6" coveredelements="0"/>
      </file>
    </package>
    <package name="App\Providers">
      <file name="/home/ernestas/code/lp-app/app/Providers/AppServiceProvider.php">
        <class name="App\Providers\AppServiceProvider" namespace="App\Providers">
          <metrics complexity="2" methods="2" coveredmethods="2" conditionals="0" coveredconditionals="0" statements="2" coveredstatements="2" elements="4" coveredelements="4"/>
        </class>
        <line num="12" type="method" name="register" visibility="public" complexity="1" crap="1" count="7"/>
        <line num="15" type="stmt" count="7"/>
        <line num="20" type="method" name="boot" visibility="public" complexity="1" crap="1" count="7"/>
        <line num="23" type="stmt" count="7"/>
        <metrics loc="25" ncloc="17" classes="1" methods="2" coveredmethods="2" conditionals="0" coveredconditionals="0" statements="2" coveredstatements="2" elements="4" coveredelements="4"/>
      </file>
    </package>
    <package name="App\Services">
      <file name="/home/ernestas/code/lp-app/app/Services/ReservationService.php">
        <class name="App\Services\ReservationService" namespace="App\Services">
          <metrics complexity="19" methods="7" coveredmethods="7" conditionals="0" coveredconditionals="0" statements="109" coveredstatements="109" elements="116" coveredelements="116"/>
        </class>
        <line num="17" type="method" name="reserve" visibility="public" complexity="1" crap="1" count="6"/>
        <line num="19" type="stmt" count="6"/>
        <line num="20" type="stmt" count="6"/>
        <line num="21" type="stmt" count="6"/>
        <line num="22" type="stmt" count="6"/>
        <line num="23" type="stmt" count="6"/>
        <line num="26" type="method" name="ship" visibility="public" complexity="3" crap="3" count="3"/>
        <line num="28" type="stmt" count="3"/>
        <line num="29" type="stmt" count="3"/>
        <line num="30" type="stmt" count="3"/>
        <line num="31" type="stmt" count="3"/>
        <line num="32" type="stmt" count="1"/>
        <line num="33" type="stmt" count="1"/>
        <line num="34" type="stmt" count="1"/>
        <line num="35" type="stmt" count="1"/>
        <line num="36" type="stmt" count="1"/>
        <line num="39" type="stmt" count="3"/>
        <line num="40" type="stmt" count="3"/>
        <line num="41" type="stmt" count="3"/>
        <line num="44" type="stmt" count="3"/>
        <line num="45" type="stmt" count="3"/>
        <line num="46" type="stmt" count="3"/>
        <line num="47" type="stmt" count="3"/>
        <line num="49" type="stmt" count="3"/>
        <line num="52" type="method" name="cancel" visibility="public" complexity="3" crap="3" count="4"/>
        <line num="54" type="stmt" count="4"/>
        <line num="55" type="stmt" count="4"/>
        <line num="56" type="stmt" count="4"/>
        <line num="57" type="stmt" count="4"/>
        <line num="58" type="stmt" count="4"/>
        <line num="59" type="stmt" count="2"/>
        <line num="60" type="stmt" count="2"/>
        <line num="61" type="stmt" count="2"/>
        <line num="62" type="stmt" count="2"/>
        <line num="63" type="stmt" count="2"/>
        <line num="66" type="stmt" count="2"/>
        <line num="67" type="stmt" count="2"/>
        <line num="69" type="stmt" count="2"/>
        <line num="70" type="stmt" count="2"/>
        <line num="71" type="stmt" count="2"/>
        <line num="74" type="stmt" count="2"/>
        <line num="75" type="stmt" count="2"/>
        <line num="76" type="stmt" count="2"/>
        <line num="78" type="stmt" count="2"/>
        <line num="79" type="stmt" count="2"/>
        <line num="80" type="stmt" count="2"/>
        <line num="81" type="stmt" count="2"/>
        <line num="83" type="stmt" count="2"/>
        <line num="86" type="method" name="rebalance" visibility="public" complexity="2" crap="2" count="1"/>
        <line num="88" type="stmt" count="1"/>
        <line num="89" type="stmt" count="1"/>
        <line num="90" type="stmt" count="1"/>
        <line num="91" type="stmt" count="1"/>
        <line num="93" type="stmt" count="1"/>
        <line num="94" type="stmt" count="1"/>
        <line num="95" type="stmt" count="1"/>
        <line num="97" type="stmt" count="1"/>
        <line num="98" type="stmt" count="1"/>
        <line num="101" type="stmt" count="1"/>
        <line num="102" type="stmt" count="1"/>
        <line num="103" type="stmt" count="1"/>
        <line num="104" type="stmt" count="1"/>
        <line num="106" type="stmt" count="1"/>
        <line num="107" type="stmt" count="1"/>
        <line num="110" type="method" name="consume" visibility="private" complexity="1" crap="1" count="3"/>
        <line num="112" type="stmt" count="3"/>
        <line num="113" type="stmt" count="3"/>
        <line num="114" type="stmt" count="3"/>
        <line num="116" type="stmt" count="3"/>
        <line num="117" type="stmt" count="3"/>
        <line num="118" type="stmt" count="3"/>
        <line num="120" type="stmt" count="3"/>
        <line num="121" type="stmt" count="3"/>
        <line num="122" type="stmt" count="3"/>
        <line num="125" type="method" name="release" visibility="private" complexity="1" crap="1" count="2"/>
        <line num="127" type="stmt" count="2"/>
        <line num="128" type="stmt" count="2"/>
        <line num="129" type="stmt" count="2"/>
        <line num="131" type="stmt" count="2"/>
        <line num="134" type="method" name="allocateStock" visibility="private" complexity="8" crap="8" count="6"/>
        <line num="136" type="stmt" count="6"/>
        <line num="138" type="stmt" count="6"/>
        <line num="139" type="stmt" count="1"/>
        <line num="142" type="stmt" count="6"/>
        <line num="143" type="stmt" count="6"/>
        <line num="145" type="stmt" count="6"/>
        <line num="146" type="stmt" count="6"/>
        <line num="147" type="stmt" count="6"/>
        <line num="148" type="stmt" count="6"/>
        <line num="149" type="stmt" count="6"/>
        <line num="151" type="stmt" count="6"/>
        <line num="152" type="stmt" count="6"/>
        <line num="153" type="stmt" count="6"/>
        <line num="156" type="stmt" count="6"/>
        <line num="158" type="stmt" count="6"/>
        <line num="159" type="stmt" count="1"/>
        <line num="162" type="stmt" count="6"/>
        <line num="164" type="stmt" count="6"/>
        <line num="165" type="stmt" count="6"/>
        <line num="166" type="stmt" count="6"/>
        <line num="167" type="stmt" count="6"/>
        <line num="168" type="stmt" count="6"/>
        <line num="169" type="stmt" count="6"/>
        <line num="170" type="stmt" count="6"/>
        <line num="172" type="stmt" count="6"/>
        <line num="173" type="stmt" count="6"/>
        <line num="174" type="stmt" count="6"/>
        <line num="175" type="stmt" count="6"/>
        <line num="177" type="stmt" count="6"/>
        <line num="180" type="stmt" count="6"/>
        <line num="182" type="stmt" count="1"/>
        <line num="183" type="stmt" count="1"/>
        <line num="184" type="stmt" count="1"/>
        <line num="188" type="stmt" count="6"/>
        <line num="189" type="stmt" count="6"/>
        <line num="190" type="stmt" count="6"/>
        <metrics loc="193" ncloc="193" classes="1" methods="7" coveredmethods="7" conditionals="0" coveredconditionals="0" statements="109" coveredstatements="109" elements="116" coveredelements="116"/>
      </file>
    </package>
    <metrics files="19" loc="703" ncloc="662" classes="17" methods="38" coveredmethods="22" conditionals="0" coveredconditionals="0" statements="222" coveredstatements="183" elements="260" coveredelements="205"/>
  </project>
</coverage>
